<?xml version="1.0" encoding="UTF-8"?>
<testsuite name="hello.HelloControllerTest" tests="1" skipped="0" failures="0" errors="0" timestamp="2016-06-01T10:20:49" hostname="compozed-ani-05" time="0.025">
  <properties/>
  <testcase name="getHello" classname="hello.HelloControllerTest" time="0.025"/>
  <system-out><![CDATA[2016-06-01 11:20:49.201  INFO 37972 --- [    Test worker] o.s.t.c.support.AbstractContextLoader    : Could not detect default resource locations for test class [hello.HelloControllerTest]: no resource found for suffixes {-context.xml, Context.groovy}.
2016-06-01 11:20:49.203  INFO 37972 --- [    Test worker] o.s.t.c.web.WebTestContextBootstrapper   : Loaded default TestExecutionListener class names from location [META-INF/spring.factories]: [org.springframework.test.context.web.ServletTestExecutionListener, org.springframework.test.context.support.DirtiesContextBeforeModesTestExecutionListener, org.springframework.test.context.support.DependencyInjectionTestExecutionListener, org.springframework.test.context.support.DirtiesContextTestExecutionListener, org.springframework.test.context.transaction.TransactionalTestExecutionListener, org.springframework.test.context.jdbc.SqlScriptsTestExecutionListener]
2016-06-01 11:20:49.204  INFO 37972 --- [    Test worker] o.s.t.c.web.WebTestContextBootstrapper   : Could not instantiate TestExecutionListener [org.springframework.test.context.jdbc.SqlScriptsTestExecutionListener]. Specify custom listener classes or make the default listener classes (and their required dependencies) available. Offending class: [org/springframework/transaction/interceptor/TransactionAttribute]
2016-06-01 11:20:49.204  INFO 37972 --- [    Test worker] o.s.t.c.web.WebTestContextBootstrapper   : Could not instantiate TestExecutionListener [org.springframework.test.context.transaction.TransactionalTestExecutionListener]. Specify custom listener classes or make the default listener classes (and their required dependencies) available. Offending class: [org/springframework/transaction/interceptor/TransactionAttributeSource]
2016-06-01 11:20:49.204  INFO 37972 --- [    Test worker] o.s.t.c.web.WebTestContextBootstrapper   : Using TestExecutionListeners: [org.springframework.test.context.web.ServletTestExecutionListener@377d7b10, org.springframework.test.context.support.DirtiesContextBeforeModesTestExecutionListener@742d13f5, org.springframework.test.context.support.DependencyInjectionTestExecutionListener@60e16535, org.springframework.test.context.support.DirtiesContextTestExecutionListener@45ccc92c]

  .   ____          _            __ _ _
 /\\ / ___'_ __ _ _(_)_ __  __ _ \ \ \ \
( ( )\___ | '_ | '_| | '_ \/ _` | \ \ \ \
 \\/  ___)| |_)| | | | | || (_| |  ) ) ) )
  '  |____| .__|_| |_|_| |_\__, | / / / /
 =========|_|==============|___/=/_/_/_/
 :: Spring Boot ::        (v1.3.5.RELEASE)

2016-06-01 11:20:49.227  INFO 37972 --- [    Test worker] hello.HelloControllerTest                : Starting HelloControllerTest on compozed-ani-05 with PID 37972 (/Users/localadmin/Desktop/week8/day1/gs-spring-boot/build/classes/test started by localadmin in /Users/localadmin/Desktop/week8/day1/gs-spring-boot)
2016-06-01 11:20:49.227  INFO 37972 --- [    Test worker] hello.HelloControllerTest                : No active profile set, falling back to default profiles: default
2016-06-01 11:20:49.228  INFO 37972 --- [    Test worker] o.s.w.c.s.GenericWebApplicationContext   : Refreshing org.springframework.web.context.support.GenericWebApplicationContext@a7fe587: startup date [Wed Jun 01 11:20:49 BST 2016]; root of context hierarchy
2016-06-01 11:20:49.236  INFO 37972 --- [    Test worker] hello.HelloControllerTest                : Started HelloControllerTest in 0.026 seconds (JVM running for 2.865)
2016-06-01 11:20:49.246  INFO 37972 --- [    Test worker] ilder$StaticRequestMappingHandlerMapping : Mapped "{[/]}" onto public java.lang.String hello.HelloController.index()
2016-06-01 11:20:49.253  INFO 37972 --- [    Test worker] s.w.s.m.m.a.RequestMappingHandlerAdapter : Looking for @ControllerAdvice: org.springframework.test.web.servlet.setup.StubWebApplicationContext@62c4eb87
2016-06-01 11:20:49.257  INFO 37972 --- [    Test worker] o.s.mock.web.MockServletContext          : Initializing Spring FrameworkServlet ''
2016-06-01 11:20:49.257  INFO 37972 --- [    Test worker] o.s.t.web.servlet.TestDispatcherServlet  : FrameworkServlet '': initialization started
2016-06-01 11:20:49.258  INFO 37972 --- [    Test worker] o.s.t.web.servlet.TestDispatcherServlet  : FrameworkServlet '': initialization completed in 1 ms
]]></system-out>
  <system-err><![CDATA[]]></system-err>
</testsuite>
